<?xml version="1.0" encoding="UTF-8"?>
<testsuite xmlns:xsi="http://www.w3.org/2001/XMLSchema-instance" xsi:noNamespaceSchemaLocation="https://maven.apache.org/surefire/maven-surefire-plugin/xsd/surefire-test-report-3.0.xsd" version="3.0" name="vttp.ssf_person_12.SsfPerson12ApplicationTests" time="3.748" tests="1" errors="0" skipped="0" failures="0">
  <properties>
[...]
</properties>
  <testcase name="contextLoads" classname="vttp.ssf_person_12.SsfPerson12ApplicationTests" time="1.166">
    <system-out><![CDATA[14:35:19.260 [main] INFO org.springframework.test.context.support.AnnotationConfigContextLoaderUtils -- Could not detect default configuration classes for test class [vttp.ssf_person_12.SsfPerson12ApplicationTests]: SsfPerson12ApplicationTests does not declare any static, non-private, non-final, nested classes annotated with @Configuration.
14:35:19.357 [main] INFO org.springframework.boot.test.context.SpringBootTestContextBootstrapper -- Found @SpringBootConfiguration vttp.ssf_person_12.SsfPerson12Application for test class vttp.ssf_person_12.SsfPerson12ApplicationTests
14:35:19.462 [main] INFO org.springframework.boot.devtools.restart.RestartApplicationListener -- Restart disabled due to context in which it is running

  .   ____          _            __ _ _
 /\\ / ___'_ __ _ _(_)_ __  __ _ \ \ \ \
( ( )\___ | '_ | '_| | '_ \/ _` | \ \ \ \
 \\/  ___)| |_)| | | | | || (_| |  ) ) ) )
  '  |____| .__|_| |_|_| |_\__, | / / / /
 =========|_|==============|___/=/_/_/_/

 :: Spring Boot ::                (v3.3.5)

2024-12-12T14:35:19.634+08:00  INFO 6610 --- [ssf_person_12] [           main] v.s.SsfPerson12ApplicationTests          : Starting SsfPerson12ApplicationTests using Java 23 with PID 6610 (started by ongzhicong in /Users/ongzhicong/vttp/ssf/ssf_personsPage)
2024-12-12T14:35:19.635+08:00  INFO 6610 --- [ssf_person_12] [           main] v.s.SsfPerson12ApplicationTests          : No active profile set, falling back to 1 default profile: "default"
2024-12-12T14:35:21.654+08:00  INFO 6610 --- [ssf_person_12] [           main] v.s.SsfPerson12ApplicationTests          : Started SsfPerson12ApplicationTests in 2.203 seconds (process running for 2.985)
]]></system-out>
    <system-err><![CDATA[WARNING: A Java agent has been loaded dynamically (/Users/ongzhicong/.m2/repository/net/bytebuddy/byte-buddy-agent/1.14.19/byte-buddy-agent-1.14.19.jar)
WARNING: If a serviceability tool is in use, please run with -XX:+EnableDynamicAgentLoading to hide this warning
WARNING: If a serviceability tool is not in use, please run with -Djdk.instrument.traceUsage for more information
WARNING: Dynamic loading of agents will be disallowed by default in a future release
]]></system-err>
  </testcase>
</testsuite>